TN:
SF:src/index.ts
FNF:0
FNH:0
DA:1,7
DA:2,7
DA:3,7
DA:4,7
DA:5,7
DA:6,7
DA:7,7
DA:8,7
LF:8
LH:8
BRF:0
BRH:0
end_of_record
TN:
SF:src/server/Animation.ts
FN:11,(anonymous_0)
FN:18,Animation
FN:24,(anonymous_2)
FN:36,(anonymous_3)
FN:46,(anonymous_4)
FN:56,(anonymous_5)
FN:63,(anonymous_6)
FNF:7
FNH:7
FNDA:7,(anonymous_0)
FNDA:9,Animation
FNDA:9,(anonymous_2)
FNDA:10,(anonymous_3)
FNDA:10,(anonymous_4)
FNDA:20,(anonymous_5)
FNDA:10,(anonymous_6)
DA:2,7
DA:11,7
DA:12,9
DA:13,9
DA:19,9
DA:20,9
DA:21,9
DA:24,7
DA:25,9
DA:26,9
DA:27,10
DA:28,1
DA:30,10
DA:31,10
DA:32,10
DA:36,7
DA:37,10
DA:38,10
DA:39,4
DA:40,6
DA:41,2
DA:43,10
DA:46,7
DA:47,10
DA:48,10
DA:49,2
DA:50,8
DA:51,2
DA:53,10
DA:56,7
DA:57,20
DA:58,1
DA:60,19
DA:63,7
DA:64,10
DA:71,7
LF:36
LH:36
BRDA:27,0,0,1
BRDA:27,0,1,9
BRDA:38,1,0,4
BRDA:38,1,1,6
BRDA:40,2,0,2
BRDA:40,2,1,4
BRDA:48,3,0,2
BRDA:48,3,1,8
BRDA:50,4,0,2
BRDA:50,4,1,6
BRDA:57,5,0,1
BRDA:57,5,1,19
BRF:12
BRH:12
end_of_record
TN:
SF:src/server/Canvas.ts
FN:1,(anonymous_0)
FNF:1
FNH:1
FNDA:7,(anonymous_0)
DA:1,7
DA:2,7
DA:3,7
DA:4,7
LF:4
LH:4
BRF:0
BRH:0
end_of_record
TN:
SF:src/server/Collision.ts
FN:5,(anonymous_0)
FN:10,(anonymous_2)
FN:34,(anonymous_3)
FN:38,(anonymous_4)
FN:61,(anonymous_5)
FNF:5
FNH:5
FNDA:7,(anonymous_0)
FNDA:5,(anonymous_2)
FNDA:4,(anonymous_3)
FNDA:4,(anonymous_4)
FNDA:5,(anonymous_5)
DA:1,7
DA:2,7
DA:5,7
DA:7,7
DA:8,7
DA:10,7
DA:14,5
DA:15,4
DA:16,2
DA:17,2
DA:21,2
DA:22,1
DA:23,1
DA:24,1
DA:25,1
DA:26,1
DA:31,5
DA:34,7
DA:35,4
DA:38,7
DA:39,4
DA:40,2
DA:41,1
DA:42,1
DA:43,1
DA:47,1
DA:48,1
DA:49,1
DA:50,1
DA:51,1
DA:52,1
DA:58,3
DA:61,7
DA:62,5
DA:67,5
DA:69,7
LF:36
LH:36
BRDA:14,0,0,4
BRDA:14,0,1,1
BRDA:14,1,0,5
BRDA:14,1,1,4
BRDA:15,2,0,2
BRDA:15,2,1,2
BRDA:21,3,0,1
BRDA:21,3,1,1
BRDA:39,4,0,2
BRDA:39,4,1,2
BRDA:39,5,0,4
BRDA:39,5,1,3
BRDA:40,6,0,1
BRDA:40,6,1,1
BRDA:42,7,0,1
BRDA:42,7,1,0
BRDA:47,8,0,1
BRDA:47,8,1,0
BRDA:63,9,0,5
BRDA:63,9,1,3
BRDA:63,9,2,3
BRDA:63,9,3,3
BRF:22
BRH:20
end_of_record
TN:
SF:src/server/Communication.ts
FN:5,(anonymous_0)
FN:7,Communication
FN:11,(anonymous_2)
FN:15,(anonymous_3)
FN:19,(anonymous_4)
FN:26,(anonymous_5)
FN:40,(anonymous_6)
FN:48,(anonymous_7)
FNF:8
FNH:8
FNDA:7,(anonymous_0)
FNDA:14,Communication
FNDA:1,(anonymous_2)
FNDA:1,(anonymous_3)
FNDA:1,(anonymous_4)
FNDA:4,(anonymous_5)
FNDA:2,(anonymous_6)
FNDA:1,(anonymous_7)
DA:3,7
DA:5,7
DA:8,14
DA:11,7
DA:12,1
DA:15,7
DA:16,1
DA:19,7
DA:20,1
DA:21,2
DA:22,2
DA:26,7
DA:27,4
DA:28,2
DA:29,4
DA:30,0
DA:32,4
DA:33,4
DA:34,4
DA:35,4
DA:40,7
DA:41,2
DA:42,3
DA:43,3
DA:48,7
DA:49,1
DA:51,7
LF:27
LH:26
BRDA:27,0,0,2
BRDA:27,0,1,2
BRDA:27,1,0,4
BRDA:27,1,1,3
BRDA:29,2,0,0
BRDA:29,2,1,4
BRDA:29,3,0,4
BRDA:29,3,1,4
BRF:8
BRH:7
end_of_record
TN:
SF:src/server/Connection.ts
FN:3,(anonymous_1)
FN:5,Connection
FN:9,(anonymous_3)
FNF:3
FNH:3
FNDA:7,(anonymous_1)
FNDA:2,Connection
FNDA:1,(anonymous_3)
DA:1,7
DA:3,7
DA:6,2
DA:9,7
DA:10,1
DA:12,7
LF:6
LH:6
BRF:0
BRH:0
end_of_record
TN:
SF:src/server/Game.ts
FN:1,(anonymous_0)
FN:5,(anonymous_2)
FNF:2
FNH:2
FNDA:7,(anonymous_0)
FNDA:2,(anonymous_2)
DA:1,7
DA:2,7
DA:5,7
DA:6,2
DA:7,1
DA:9,1
DA:12,7
LF:7
LH:7
BRDA:6,0,0,1
BRDA:6,0,1,1
BRF:2
BRH:2
end_of_record
TN:
SF:src/server/Killer.ts
FN:13,(anonymous_0)
FN:19,(anonymous_2)
FN:27,(anonymous_3)
FN:41,(anonymous_4)
FN:53,(anonymous_5)
FNF:5
FNH:5
FNDA:7,(anonymous_0)
FNDA:5,(anonymous_2)
FNDA:4,(anonymous_3)
FNDA:8,(anonymous_4)
FNDA:2,(anonymous_5)
DA:1,7
DA:2,7
DA:13,7
DA:15,7
DA:16,7
DA:17,7
DA:19,7
DA:20,5
DA:21,5
DA:22,5
DA:23,5
DA:24,5
DA:27,7
DA:28,4
DA:29,2
DA:31,2
DA:32,2
DA:33,2
DA:34,2
DA:35,2
DA:36,2
DA:37,2
DA:38,2
DA:41,7
DA:42,8
DA:43,8
DA:53,7
DA:54,2
DA:55,2
DA:58,7
LF:30
LH:30
BRDA:28,0,0,2
BRDA:28,0,1,2
BRDA:28,1,0,4
BRDA:28,1,1,3
BRDA:28,1,2,3
BRF:5
BRH:5
end_of_record
TN:
SF:src/server/Player.ts
FN:10,(anonymous_0)
FN:25,Player
FN:39,(anonymous_2)
FN:43,(anonymous_3)
FN:47,(anonymous_4)
FN:52,(anonymous_5)
FNF:6
FNH:6
FNDA:7,(anonymous_0)
FNDA:42,Player
FNDA:45,(anonymous_2)
FNDA:3,(anonymous_3)
FNDA:2,(anonymous_4)
FNDA:3,(anonymous_5)
DA:1,7
DA:10,7
DA:19,42
DA:21,7
DA:26,42
DA:27,42
DA:28,42
DA:29,42
DA:30,42
DA:31,42
DA:32,42
DA:33,42
DA:34,42
DA:35,42
DA:36,42
DA:39,7
DA:40,45
DA:43,7
DA:44,3
DA:47,7
DA:48,2
DA:49,2
DA:52,7
DA:53,3
DA:55,7
LF:25
LH:25
BRF:0
BRH:0
end_of_record
